{
  "RSpec": {
    "coverage": {
      "/Users/davidscott/Projects/gilded-rose-tech-test-ruby/spec/gilded_rose_integrated_spec.rb": {
        "lines": [
          1,
          1,
          null,
          1,
          1,
          1,
          1,
          1,
          1,
          null,
          null,
          1,
          null,
          1,
          null,
          null,
          1,
          1,
          1,
          1,
          1,
          null,
          null,
          1,
          null,
          1,
          null,
          null,
          null,
          null,
          null,
          null,
          null,
          null,
          null,
          1,
          1,
          1,
          1,
          1,
          1,
          1,
          1,
          1,
          null,
          null,
          1,
          null,
          1,
          null,
          null,
          null,
          null,
          1,
          1,
          1,
          1,
          1,
          1,
          1,
          1,
          1,
          null,
          null,
          1,
          null,
          1,
          null,
          null,
          null,
          null,
          null,
          null,
          1,
          1,
          null,
          null,
          1,
          1,
          1,
          1,
          1,
          null,
          null,
          1,
          null,
          1,
          null,
          null,
          null,
          null,
          null,
          null,
          null,
          null,
          null,
          null,
          null,
          null,
          1,
          1,
          1,
          1,
          1,
          1,
          1,
          1,
          1,
          1,
          1,
          1,
          1,
          1,
          1,
          1,
          1,
          1,
          1,
          1,
          1,
          1,
          1,
          1,
          1,
          null,
          null,
          1,
          null,
          1,
          null,
          null,
          1,
          1,
          1,
          1,
          1,
          null,
          null,
          null
        ]
      },
      "/Users/davidscott/Projects/gilded-rose-tech-test-ruby/lib/gilded_rose.rb": {
        "lines": [
          1,
          1,
          13,
          null,
          null,
          1,
          13,
          41,
          3,
          38,
          10,
          28,
          16,
          12,
          5,
          null,
          7,
          null,
          null,
          null,
          null,
          1,
          3,
          null,
          null,
          1,
          10,
          5,
          5,
          2,
          null,
          10,
          10,
          null,
          null,
          1,
          16,
          2,
          14,
          2,
          12,
          2,
          10,
          1,
          9,
          1,
          8,
          3,
          5,
          1,
          4,
          1,
          3,
          1,
          null,
          2,
          null,
          16,
          16,
          null,
          null,
          1,
          5,
          1,
          4,
          1,
          null,
          3,
          null,
          5,
          5,
          null,
          null,
          1,
          7,
          3,
          4,
          1,
          null,
          3,
          null,
          7,
          7,
          null,
          null
        ]
      },
      "/Users/davidscott/Projects/gilded-rose-tech-test-ruby/lib/item.rb": {
        "lines": [
          1,
          1,
          null,
          1,
          38,
          38,
          38,
          null,
          null,
          1,
          1,
          null,
          null
        ]
      },
      "/Users/davidscott/Projects/gilded-rose-tech-test-ruby/spec/gilded_rose_unit_spec.rb": {
        "lines": [
          1,
          null,
          null,
          null,
          1,
          1,
          1,
          1,
          1,
          1,
          1,
          1,
          null,
          null,
          1,
          1,
          1,
          1,
          1,
          null,
          null,
          null,
          null,
          null,
          null,
          null,
          null,
          null,
          null,
          null,
          null,
          null,
          null,
          null,
          null,
          null,
          1,
          1,
          1,
          1,
          1,
          1,
          null,
          null,
          1,
          1,
          1,
          1,
          1,
          null,
          null,
          null,
          null,
          null,
          null,
          null,
          null,
          null,
          null,
          1,
          1,
          1,
          1,
          1,
          1,
          1,
          null,
          null,
          null,
          null,
          null,
          null,
          null,
          null,
          null,
          null,
          null,
          null,
          null,
          null,
          null,
          null,
          null,
          null,
          null,
          null,
          null,
          null,
          null,
          null,
          null,
          null,
          null,
          null,
          null,
          null,
          null,
          null,
          null,
          null,
          null,
          null,
          null,
          null,
          null,
          null,
          null,
          null,
          null
        ]
      },
      "/Users/davidscott/Projects/gilded-rose-tech-test-ruby/spec/item_unit_spec.rb": {
        "lines": [
          1,
          null,
          1,
          1,
          1,
          1,
          1,
          1,
          null,
          null,
          1,
          1,
          1,
          null,
          null
        ]
      }
    },
    "timestamp": 1677184788
  }
}
